C51 COMPILER V9.60.0.0   666                                                               10/26/2022 17:35:27 PAGE 1   


C51 COMPILER V9.60.0.0, COMPILATION OF MODULE 666
OBJECT MODULE PLACED IN .\Objects\666.obj
COMPILER INVOKED BY: D:\APP\Keil\C51\BIN\C51.EXE 666.c OPTIMIZE(8,SPEED) BROWSE DEBUG OBJECTEXTEND PRINT(.\Listings\666.
                    -lst) TABS(2) OBJECT(.\Objects\666.obj)

line level    source

   1          
   2          #include<reg51.h>
   3          
   4          sbit LED1=P2^0;
   5          sbit LED2=P2^1;
   6          
   7          sbit key1=P3^1;
   8          unsigned char a;
   9          unsigned char b;
  10          unsigned char c;
  11          unsigned char d;
  12          unsigned char e;
  13          unsigned int f;
  14          unsigned char g;
  15          
  16          void Delay1us()   //@11.0592MHz
  17          {
  18   1      }
  19          
  20          void delay_n_us(unsigned int n) 
  21          {
  22   1              while(n)         
  23   1              {
  24   2                      Delay1us();
  25   2                      n=n-1;
  26   2              }    
  27   1      }
  28          
  29          
  30          main()
  31          {
  32   1              e=0;
  33   1              
  34   1              while(1)    
  35   1              {
  36   2            
  37   2              
  38   2              a=a+1;
  39   2                      if(a==70)
  40   2              {
  41   3                      a=0;
  42   3                  b=b+1;
  43   3                  if(b==10)
  44   3                  {
  45   4                          b=0;
  46   4                      if(c==70)
  47   4                      {
  48   5                              d=1;
  49   5                      }
  50   4                      if(c==0)
  51   4                      {
  52   5                              d=0;
  53   5                      }
  54   4                      if(d==1)
C51 COMPILER V9.60.0.0   666                                                               10/26/2022 17:35:27 PAGE 2   

  55   4                      {
  56   5                              c=c-1;
  57   5                      }
  58   4                      else
  59   4                      {
  60   5                          c=c+1;
  61   5                          if(c==71)
  62   5                          {
  63   6                                  c=0;
  64   6                          }
  65   5                      }
  66   4                  }
  67   3      
  68   3              } 
  69   2              if(c>a)
  70   2              {
  71   3                      LED1=0;
  72   3              }       
  73   2              else
  74   2              {
  75   3                      LED1=1;
  76   3              }
  77   2      
  78   2              delay_n_us(1);
  79   2              }
  80   1      
  81   1              
  82   1      }


MODULE INFORMATION:   STATIC OVERLAYABLE
   CODE SIZE        =     98    ----
   CONSTANT SIZE    =   ----    ----
   XDATA SIZE       =   ----    ----
   PDATA SIZE       =   ----    ----
   DATA SIZE        =      8    ----
   IDATA SIZE       =   ----    ----
   BIT SIZE         =   ----    ----
END OF MODULE INFORMATION.


C51 COMPILATION COMPLETE.  0 WARNING(S),  0 ERROR(S)
