C51 COMPILER V9.60.0.0   AT24C02                                                           11/08/2022 08:53:30 PAGE 1   


C51 COMPILER V9.60.0.0, COMPILATION OF MODULE AT24C02
OBJECT MODULE PLACED IN .\Objects\AT24C02.obj
COMPILER INVOKED BY: D:\APP\Keil\C51\BIN\C51.EXE AT24C02.c OPTIMIZE(8,SPEED) BROWSE DEBUG OBJECTEXTEND PRINT(.\Listings\
                    -AT24C02.lst) TABS(2) OBJECT(.\Objects\AT24C02.obj)

line level    source

   1          #include "AT24C02.H"
   2          #include "I2C.H"
   3          
   4          
   5          void at24c02_send_one_byte(u8 addr,u8 dat)
   6          {
   7   1        i2c_start();
   8   1        i2c_send_byte(0xa0);
   9   1        i2c_wait_ack();
  10   1        i2c_send_byte(addr);
  11   1        i2c_wait_ack();
  12   1        i2c_send_byte(dat);
  13   1        i2c_wait_ack();
  14   1        i2c_stop();
  15   1        Delay10ms();
  16   1      }
  17          
  18          u8 at24c02_read_one_byte(u8 addr)
  19          {
  20   1        u8 temp=0;
  21   1        i2c_start();
  22   1        i2c_send_byte(0xa0);
  23   1        i2c_wait_ack();
  24   1        i2c_send_byte(addr);
  25   1        i2c_wait_ack();
  26   1        i2c_start();
  27   1        i2c_send_byte(0xa1);
  28   1        i2c_wait_ack();
  29   1        temp=i2c_read_byte(0);
  30   1        i2c_stop();
  31   1        return temp;
  32   1      }


MODULE INFORMATION:   STATIC OVERLAYABLE
   CODE SIZE        =     85    ----
   CONSTANT SIZE    =   ----    ----
   XDATA SIZE       =   ----    ----
   PDATA SIZE       =   ----    ----
   DATA SIZE        =   ----       4
   IDATA SIZE       =   ----    ----
   BIT SIZE         =   ----    ----
END OF MODULE INFORMATION.


C51 COMPILATION COMPLETE.  0 WARNING(S),  0 ERROR(S)
