C51 COMPILER V9.60.0.0   KEY                                                               11/08/2022 08:53:30 PAGE 1   


C51 COMPILER V9.60.0.0, COMPILATION OF MODULE KEY
OBJECT MODULE PLACED IN .\Objects\KEY.obj
COMPILER INVOKED BY: D:\APP\Keil\C51\BIN\C51.EXE KEY.c OPTIMIZE(8,SPEED) BROWSE DEBUG OBJECTEXTEND PRINT(.\Listings\KEY.
                    -lst) TABS(2) OBJECT(.\Objects\KEY.obj)

line level    source

   1          #include "key.h"
   2          
   3          u8 key_scan(u8 mode)
   4          {
   5   1        static u8 key=1;
   6   1        
   7   1        if(mode)
   8   1          key=1;
   9   1        if(key==1&&(KEY1==0||KEY2==0||KEY3==0||KEY4==0))
  10   1        {
  11   2          Delay10ms();
  12   2          key=0;
  13   2          if(KEY1==0)
  14   2            return KEY1_PRESS;
  15   2          else if(KEY2==0)
  16   2            return KEY2_PRESS;
  17   2          else if(KEY3==0)
  18   2            return KEY3_PRESS;
  19   2          else if(KEY4==0)
  20   2            return KEY4_PRESS;
  21   2        }
  22   1        else if(KEY1==1&&KEY2==1&&KEY3==1&&KEY4==1)
  23   1        {
  24   2          key=1;
  25   2        }
  26   1        return KEY_UNPRESS;
  27   1      }


MODULE INFORMATION:   STATIC OVERLAYABLE
   CODE SIZE        =     72    ----
   CONSTANT SIZE    =   ----    ----
   XDATA SIZE       =   ----    ----
   PDATA SIZE       =   ----    ----
   DATA SIZE        =      1    ----
   IDATA SIZE       =   ----    ----
   BIT SIZE         =   ----    ----
END OF MODULE INFORMATION.


C51 COMPILATION COMPLETE.  0 WARNING(S),  0 ERROR(S)
