C51 COMPILER V9.60.0.0   MIAN                                                              11/08/2022 08:53:30 PAGE 1   


C51 COMPILER V9.60.0.0, COMPILATION OF MODULE MIAN
OBJECT MODULE PLACED IN .\Objects\mian.obj
COMPILER INVOKED BY: D:\APP\Keil\C51\BIN\C51.EXE mian.c OPTIMIZE(8,SPEED) BROWSE DEBUG OBJECTEXTEND PRINT(.\Listings\mia
                    -n.lst) TABS(2) OBJECT(.\Objects\mian.obj)

line level    source

   1          #include "I2C.H"
   2          #include "key.h"
   3          #include "AT24C02.H"
   4          #include "smg.h"
   5          
   6          #define EEPROM_ADDRESS 0
   7          
   8          void main()
   9          {
  10   1        u8 save_value=0;
  11   1        u8 key_temp=0;
  12   1        u8 save_buf[3];
  13   1        while(1)
  14   1        {
  15   2          key_temp=key_scan(0);
  16   2          if(key_temp==KEY1_PRESS)
  17   2          {
  18   3            at24c02_send_one_byte(EEPROM_ADDRESS,save_value);
  19   3          }
  20   2          else if(key_temp==KEY2_PRESS)
  21   2          {
  22   3            save_value=at24c02_read_one_byte(EEPROM_ADDRESS);
  23   3          }
  24   2          else if(key_temp==KEY3_PRESS)
  25   2          {
  26   3            save_value++;
  27   3            if(save_value==255)
  28   3            {
  29   4              save_value=255;
  30   4            }
  31   3          }
  32   2          else if(key_temp==KEY4_PRESS)
  33   2          {
  34   3            save_value=0;
  35   3          }
  36   2          save_buf[0]=save_value/100;
  37   2          save_buf[1]=save_value%100/10;
  38   2          save_buf[2]=save_value%100%10;
  39   2          smg_display(save_buf,6);
  40   2        }
  41   1      }


MODULE INFORMATION:   STATIC OVERLAYABLE
   CODE SIZE        =    112    ----
   CONSTANT SIZE    =   ----    ----
   XDATA SIZE       =   ----    ----
   PDATA SIZE       =   ----    ----
   DATA SIZE        =   ----       5
   IDATA SIZE       =   ----    ----
   BIT SIZE         =   ----    ----
END OF MODULE INFORMATION.


C51 COMPILATION COMPLETE.  0 WARNING(S),  0 ERROR(S)
