C51 COMPILER V9.60.0.0   PUBLIC                                                            11/08/2022 08:53:30 PAGE 1   


C51 COMPILER V9.60.0.0, COMPILATION OF MODULE PUBLIC
OBJECT MODULE PLACED IN .\Objects\public.obj
COMPILER INVOKED BY: D:\APP\Keil\C51\BIN\C51.EXE public.c OPTIMIZE(8,SPEED) BROWSE DEBUG OBJECTEXTEND PRINT(.\Listings\p
                    -ublic.lst) TABS(2) OBJECT(.\Objects\public.obj)

line level    source

   1          #include "public.h"
   2          
   3          void Delay10us()    //@11.0592MHz
   4          {
   5   1        unsigned char i;
   6   1      
   7   1        i = 2;
   8   1        while (--i);
   9   1      }
  10          
  11          void Delay10ms()    //@11.0592MHz
  12          {
  13   1        unsigned char i, j;
  14   1      
  15   1        i = 18;
  16   1        j = 235;
  17   1        do
  18   1        {
  19   2          while (--j);
  20   2        } while (--i);
  21   1      }
  22          
  23          void Delay1ms()   //@11.0592MHz
  24          {
  25   1        unsigned char i, j;
  26   1      
  27   1        i = 2;
  28   1        j = 199;
  29   1        do
  30   1        {
  31   2          while (--j);
  32   2        } while (--i);
  33   1      }


MODULE INFORMATION:   STATIC OVERLAYABLE
   CODE SIZE        =     23    ----
   CONSTANT SIZE    =   ----    ----
   XDATA SIZE       =   ----    ----
   PDATA SIZE       =   ----    ----
   DATA SIZE        =   ----    ----
   IDATA SIZE       =   ----    ----
   BIT SIZE         =   ----    ----
END OF MODULE INFORMATION.


C51 COMPILATION COMPLETE.  0 WARNING(S),  0 ERROR(S)
