C51 COMPILER V9.60.0.0   SMG                                                               11/08/2022 08:53:30 PAGE 1   


C51 COMPILER V9.60.0.0, COMPILATION OF MODULE SMG
OBJECT MODULE PLACED IN .\Objects\SMG.obj
COMPILER INVOKED BY: D:\APP\Keil\C51\BIN\C51.EXE SMG.c OPTIMIZE(8,SPEED) BROWSE DEBUG OBJECTEXTEND PRINT(.\Listings\SMG.
                    -lst) TABS(2) OBJECT(.\Objects\SMG.obj)

line level    source

   1          #include "smg.h"
   2          
   3          u8 gsmg_code[17]={0x3f,0x06,0x5b,0x4f,0x66,0x6d,0x7d,0x07,
   4                            0x7f,0x6f,0x77,0x7c,0x39,0x5e,0x79,0x71};
   5          
   6          void smg_display(u8 dat[],u8 pos)
   7          {
   8   1        u8 i=0;
   9   1        u8 pos_temp=pos-1;
  10   1        
  11   1        for(i=pos_temp;i<8;i++)
  12   1        {
  13   2          switch(i)
  14   2          {
  15   3            case 0:LSC=1;LSB=1;LSA=1;break;
  16   3            case 1:LSC=1;LSB=1;LSA=0;break;
  17   3            case 2:LSC=1;LSB=0;LSA=1;break;
  18   3            case 3:LSC=1;LSB=0;LSA=0;break;
  19   3            case 4:LSC=0;LSB=1;LSA=1;break;
  20   3            case 5:LSC=0;LSB=1;LSA=0;break;
  21   3            case 6:LSC=0;LSB=0;LSA=1;break;
  22   3            case 7:LSC=0;LSB=0;LSA=0;break;
  23   3          }
  24   2          SMG_A_DP_PORT=gsmg_code[dat[i-pos_temp]];
  25   2          Delay1ms();
  26   2          SMG_A_DP_PORT=0x00;
  27   2        }
  28   1      }


MODULE INFORMATION:   STATIC OVERLAYABLE
   CODE SIZE        =    150    ----
   CONSTANT SIZE    =   ----    ----
   XDATA SIZE       =   ----    ----
   PDATA SIZE       =   ----    ----
   DATA SIZE        =     17       5
   IDATA SIZE       =   ----    ----
   BIT SIZE         =   ----    ----
END OF MODULE INFORMATION.


C51 COMPILATION COMPLETE.  0 WARNING(S),  0 ERROR(S)
