C51 COMPILER V9.60.0.0   MAIN                                                              12/29/2022 11:17:01 PAGE 1   


C51 COMPILER V9.60.0.0, COMPILATION OF MODULE MAIN
OBJECT MODULE PLACED IN .\Objects\main.obj
COMPILER INVOKED BY: D:\APP\Keil\C51\BIN\C51.EXE main.c OPTIMIZE(8,SPEED) BROWSE DEBUG OBJECTEXTEND PRINT(.\Listings\mai
                    -n.lst) TABS(2) OBJECT(.\Objects\main.obj)

line level    source

   1          #include "public.h"
   2          // ch3=p14;ch4=p15;ch1=p17;ch2=p16
   3          // p4.7=菜单；右=p31 左p30
   4          //下p32 上p35 左37 右36
   5          // p10电源输入检测
   6          
   7          u8 SelfAddr[TX_ADR_WIDTH] = {0x01, 0x01, 0x01, 0x01, 0x01};       //±¾»úÓ²¼þµØÖ·
   8          u8 txbuf[TX_PLOAD_WIDTH];
   9          u8 adc_buf[4];
  10          
  11          void main()
  12          {
  13   1          u16 i;
  14   1          u8 adc_buf[6];
  15   1          P4SW = 0x70; //允许P4 IO
  16   1          P2M0 = 0x20; //推挽输出
  17   1          EA=0;
  18   1          init_adc();
  19   1          EA=1;
  20   1          Lcd_Init();
  21   1          Lcd_Clear();
  22   1         RF24_Init();
  23   1          RF24_TX_Mode(SelfAddr);
  24   1          RF24_SetRfCh(40);
  25   1          while (1) 
  26   1          {
  27   2            txbuf[i]=read_adc_value(i+4);
  28   2            RF24_TxData(txbuf);
  29   2            adc_buf[0]=read_adc_value(i+4)/100+48;
  30   2            adc_buf[1]=read_adc_value(i+4)/10%10+48;
  31   2            adc_buf[2]=read_adc_value(i+4)%100%10+48;
  32   2            Lcd_ShowString(0,i*2,adc_buf);
  33   2            i++;
  34   2            if(i==4)i=0;
  35   2          }
  36   1      }


MODULE INFORMATION:   STATIC OVERLAYABLE
   CODE SIZE        =    161    ----
   CONSTANT SIZE    =   ----    ----
   XDATA SIZE       =   ----    ----
   PDATA SIZE       =   ----    ----
   DATA SIZE        =     15       8
   IDATA SIZE       =   ----    ----
   BIT SIZE         =   ----    ----
END OF MODULE INFORMATION.


C51 COMPILATION COMPLETE.  0 WARNING(S),  0 ERROR(S)
