C51 COMPILER V9.60.0.0   MAIN                                                              11/05/2022 23:49:12 PAGE 1   


C51 COMPILER V9.60.0.0, COMPILATION OF MODULE MAIN
OBJECT MODULE PLACED IN .\Objects\main.obj
COMPILER INVOKED BY: D:\APP\Keil\C51\BIN\C51.EXE main.c OPTIMIZE(8,SPEED) BROWSE DEBUG OBJECTEXTEND PRINT(.\Listings\mai
                    -n.lst) TABS(2) OBJECT(.\Objects\main.obj)

line level    source

   1          #include <REG51.H>
   2          
   3          typedef unsigned char u8;
   4          typedef unsigned int u16;
   5          
   6          sbit S=P3^1;
   7          
   8          void uart_init(u8 baud)
   9          {
  10   1        TMOD|=0x20;
  11   1        PCON=0x80;
  12   1        SCON=0x50;
  13   1        TH1=baud;
  14   1        TL1=baud;
  15   1        ES=1;
  16   1        EA=1;
  17   1        TR1=1;
  18   1      }
  19          
  20          
  21          void main()
  22          {
  23   1        uart_init(0xfa);
  24   1        while(1)
  25   1        {
  26   2      
  27   2        }
  28   1      }
  29          
  30          void uart() interrupt 4
  31          {
  32   1        u8 rec_dat=0;
  33   1        RI=0;
  34   1        rec_dat=SBUF;
  35   1        SBUF=rec_dat;
  36   1        while(!TI);
  37   1        TI=0;
  38   1      }


MODULE INFORMATION:   STATIC OVERLAYABLE
   CODE SIZE        =     54    ----
   CONSTANT SIZE    =   ----    ----
   XDATA SIZE       =   ----    ----
   PDATA SIZE       =   ----    ----
   DATA SIZE        =   ----    ----
   IDATA SIZE       =   ----    ----
   BIT SIZE         =   ----    ----
END OF MODULE INFORMATION.


C51 COMPILATION COMPLETE.  0 WARNING(S),  0 ERROR(S)
