C51 COMPILER V9.60.0.0   MAIN                                                              11/26/2022 15:51:02 PAGE 1   


C51 COMPILER V9.60.0.0, COMPILATION OF MODULE MAIN
OBJECT MODULE PLACED IN .\Objects\main.obj
COMPILER INVOKED BY: D:\APP\Keil\C51\BIN\C51.EXE main.c OPTIMIZE(8,SPEED) BROWSE DEBUG OBJECTEXTEND PRINT(.\Listings\mai
                    -n.lst) TABS(2) OBJECT(.\Objects\main.obj)

line level    source

   1          #include "drivers.h"
   2          
   3          sbit PWM=P1^0;
   4          sbit K4=P3^3;
   5          sbit K3=P3^2;
   6          
   7          
   8          void main ()
   9            
  10          {  
  11   1      
  12   1        LCDA=1;
  13   1        Lcd_Init();
  14   1        Lcd_Clear();
  15   1        Lcd_ShowChar(0,0,'6');
  16   1        while(1)
  17   1        {
  18   2        
  19   2        }
  20   1      }
  21          


MODULE INFORMATION:   STATIC OVERLAYABLE
   CODE SIZE        =     18    ----
   CONSTANT SIZE    =   ----    ----
   XDATA SIZE       =   ----    ----
   PDATA SIZE       =   ----    ----
   DATA SIZE        =   ----    ----
   IDATA SIZE       =   ----    ----
   BIT SIZE         =   ----    ----
END OF MODULE INFORMATION.


C51 COMPILATION COMPLETE.  0 WARNING(S),  0 ERROR(S)
