C51 COMPILER V9.60.0.0   MAIN                                                              11/27/2022 13:31:22 PAGE 1   


C51 COMPILER V9.60.0.0, COMPILATION OF MODULE MAIN
OBJECT MODULE PLACED IN .\Objects\main.obj
COMPILER INVOKED BY: D:\APP\Keil\C51\BIN\C51.EXE main.c OPTIMIZE(8,SPEED) BROWSE DEBUG OBJECTEXTEND PRINT(.\Listings\mai
                    -n.lst) TABS(2) OBJECT(.\Objects\main.obj)

line level    source

   1          #include "commom.h"
   2          
   3          U8 SelfAddr[TX_ADR_WIDTH] = {0x01, 0x01, 0x01, 0x01, 0x01}; 
   4          U8 rxbuf[TX_PLOAD_WIDTH];
   5          
   6          U16 j;
   7          u8 i;
   8          void Timer0Init(void)   //8微秒@12.000MHz
   9          {
  10   1        AUXR |= 0x80;   //定时器时钟1T模式
  11   1        TMOD &= 0xF0;   //设置定时器模式
  12   1        TL0 = 0xA0;   //设置定时初始值
  13   1        TH0 = 0xFF;   //设置定时初始值
  14   1        TF0 = 0;    //清除TF0标志
  15   1        TR0 = 1;    //定时器0开始计时
  16   1        ET0=1;
  17   1        EA=1;
  18   1      }
  19          
  20          void main()
  21          {
  22   1        u8 rcv_buf[4];
  23   1        RF24_Init();
  24   1        RF24_RX_Mode(SelfAddr);   
  25   1        RF24_SetRfCh(40);
  26   1        OLED_Init();
  27   1          OLED_Clear(); //??'??LCDg??  
  28   1        
  29   1        Timer0Init();
  30   1        while(1)
  31   1        {
  32   2          bit b;
  33   2          b=RF24_RxData(rxbuf);
  34   2          j=rxbuf[0];
  35   2          if(b==0)P10=0;
  36   2          else P10=1;
  37   2          rcv_buf[0]=rxbuf[i]/100+48;
  38   2          rcv_buf[1]=rxbuf[i]/10%10+48;
  39   2          rcv_buf[2]=rxbuf[i]%100%10+48;
  40   2          OLED_ShowString(0,i*2,rcv_buf,12);
  41   2          i++;
  42   2          if(i==4)i=0;
  43   2        }
  44   1      }
  45          
  46          void timer() interrupt 1
  47          {
  48   1        static u16 k;
  49   1        if(k<j+64)
  50   1        {
  51   2          PWM=1;
  52   2        }
  53   1        else 
  54   1        {
C51 COMPILER V9.60.0.0   MAIN                                                              11/27/2022 13:31:22 PAGE 2   

  55   2          PWM=0;
  56   2        }
  57   1        k++;
  58   1        if(k==2560)k=0;
  59   1        
  60   1      } 


MODULE INFORMATION:   STATIC OVERLAYABLE
   CODE SIZE        =    217    ----
   CONSTANT SIZE    =   ----    ----
   XDATA SIZE       =   ----    ----
   PDATA SIZE       =   ----    ----
   DATA SIZE        =     16       4
   IDATA SIZE       =   ----    ----
   BIT SIZE         =   ----       1
END OF MODULE INFORMATION.


C51 COMPILATION COMPLETE.  0 WARNING(S),  0 ERROR(S)
