C51 COMPILER V9.60.0.0   IIC                                                               11/20/2022 19:44:07 PAGE 1   


C51 COMPILER V9.60.0.0, COMPILATION OF MODULE IIC
OBJECT MODULE PLACED IN .\Objects\iic.obj
COMPILER INVOKED BY: D:\APP\Keil\C51\BIN\C51.EXE iic.c OPTIMIZE(8,SPEED) BROWSE DEBUG OBJECTEXTEND PRINT(.\Listings\iic.
                    -lst) TABS(2) OBJECT(.\Objects\iic.obj)

line level    source

   1          #include "iic.h"
   2          
   3          
   4          void IIC_Start()
   5          {
   6   1        SCL = 1;
   7   1        SDA = 1;
   8   1        SDA = 0;
   9   1        SCL = 0;
  10   1      }
  11          
  12          void IIC_Stop()
  13          {
  14   1        SCL = 1; 
  15   1        SDA = 0;
  16   1        SDA = 1;
  17   1      }
  18          
  19          void IIC_Wait_Ack()
  20          {
  21   1        SCL = 1; 
  22   1        SCL = 0;
  23   1      }
  24          
  25          void Write_IIC_Byte(u8 IIC_Byte)
  26          {
  27   1        u8 i;
  28   1        u8 m, da;
  29   1        da = IIC_Byte;
  30   1        SCL = 0;
  31   1        for (i = 0; i < 8; i++)
  32   1        {
  33   2          m = da;
  34   2          m = m & 0x80;
  35   2          if (m == 0x80)
  36   2          {
  37   3            SDA = 1;
  38   3          }
  39   2          else 
  40   2            SDA = 0;
  41   2          da = da << 1;
  42   2          SCL = 1; 
  43   2          SCL = 0;
  44   2        }
  45   1      }
  46          
  47          void Write_IIC_CMD(u8 IIC_CMD)
  48          {
  49   1        IIC_Start();
  50   1        Write_IIC_Byte(0x78);   
  51   1        IIC_Wait_Ack();
  52   1        Write_IIC_Byte(0x00);
  53   1        IIC_Wait_Ack();
  54   1        Write_IIC_Byte(IIC_CMD);
C51 COMPILER V9.60.0.0   IIC                                                               11/20/2022 19:44:07 PAGE 2   

  55   1        IIC_Wait_Ack();
  56   1        IIC_Stop();
  57   1      }
  58          
  59          void Write_IIC_Data(u8 IIC_Data)
  60          {
  61   1        IIC_Start();
  62   1        Write_IIC_Byte(0x78);   
  63   1        IIC_Wait_Ack();
  64   1        Write_IIC_Byte(0x40);   
  65   1        IIC_Wait_Ack();
  66   1        Write_IIC_Byte(IIC_Data);
  67   1        IIC_Wait_Ack();
  68   1        IIC_Stop();
  69   1      }


MODULE INFORMATION:   STATIC OVERLAYABLE
   CODE SIZE        =    109    ----
   CONSTANT SIZE    =   ----    ----
   XDATA SIZE       =   ----    ----
   PDATA SIZE       =   ----    ----
   DATA SIZE        =   ----    ----
   IDATA SIZE       =   ----    ----
   BIT SIZE         =   ----    ----
END OF MODULE INFORMATION.


C51 COMPILATION COMPLETE.  0 WARNING(S),  0 ERROR(S)
