C51 COMPILER V9.60.0.0   KEY                                                               11/11/2022 22:55:58 PAGE 1   


C51 COMPILER V9.60.0.0, COMPILATION OF MODULE KEY
OBJECT MODULE PLACED IN .\Objects\KEY.obj
COMPILER INVOKED BY: D:\APP\Keil\C51\BIN\C51.EXE KEY.c OPTIMIZE(8,SPEED) BROWSE DEBUG OBJECTEXTEND PRINT(.\Listings\KEY.
                    -lst) TABS(2) OBJECT(.\Objects\KEY.obj)

line level    source

   1          #include "key.h"
   2          #include "oled.h"
   3          
   4          void sw_scan()
   5          {
   6   1        static u8 i,j;
   7   1        if(SW2==0||SW3==0)
   8   1          
   9   1          if(SW2==0)
  10   1          {
  11   2            if(i==0)
  12   2            {
  13   3              OLED_Clear();
  14   3              
  15   3              OLED_ShowString(0, 0, " ALL BREATH", 12);
  16   3              OLED_ShowString(0, 2, ">NIXIE TUBE", 12);
  17   3              OLED_ShowString(0, 4, " LEDS", 12);
  18   3              OLED_ShowString(0, 6, " MUSIC", 12);
  19   3              i++;
  20   3              return;
  21   3            }
  22   2            if(i==1)
  23   2            {
  24   3              OLED_Clear();
  25   3              
  26   3              OLED_ShowString(0, 0, " ALL BREATH", 12);
  27   3              OLED_ShowString(0, 2, " NIXIE TUBE", 12);
  28   3              OLED_ShowString(0, 4, ">LEDS", 12);
  29   3              OLED_ShowString(0, 6, " MUSIC", 12);
  30   3              i++;
  31   3              return;
  32   3            }
  33   2            if(i==2)
  34   2            {
  35   3              OLED_Clear();
  36   3              
  37   3              OLED_ShowString(0, 0, " ALL BREATH", 12);
  38   3              OLED_ShowString(0, 2, " NIXIE TUBE", 12);
  39   3              OLED_ShowString(0, 4, " LEDS", 12);
  40   3              OLED_ShowString(0, 6, ">MUSIC", 12);
  41   3              i++;
  42   3              return;
  43   3            }
  44   2            if(i==3)
  45   2            {
  46   3              OLED_Clear();
  47   3              Delay1ms();
  48   3              OLED_ShowString(0, 0, ">ALL BREATH", 12);
  49   3              OLED_ShowString(0, 2, " NIXIE TUBE", 12);
  50   3              OLED_ShowString(0, 4, " LEDS", 12);
  51   3              OLED_ShowString(0, 6, " MUSIC", 12);
  52   3              i=0;
  53   3              return;
  54   3            }
C51 COMPILER V9.60.0.0   KEY                                                               11/11/2022 22:55:58 PAGE 2   

  55   2            if(j==1)
  56   2            {
  57   3              j++;
  58   3              OLED_Clear();
  59   3              OLED_ShowString(0, 0, " LED ON", 12);
  60   3              OLED_ShowString(0, 2, ">LED OFF", 12);
  61   3              OLED_ShowString(0, 4, " RETURN", 12);
  62   3              return;
  63   3            }
  64   2            if(j==2)
  65   2            {
  66   3              j++;
  67   3              OLED_Clear();
  68   3              OLED_ShowString(0, 0, " LED ON", 12);
  69   3              OLED_ShowString(0, 2, " LED OFF", 12);
  70   3              OLED_ShowString(0, 4, ">RETURN", 12);
  71   3              return;
  72   3            }
  73   2            if(j==3)
  74   2            {
  75   3              j=1;
  76   3              OLED_Clear();
  77   3              OLED_ShowString(0, 0, ">LED ON", 12);
  78   3              OLED_ShowString(0, 2, " LED OFF", 12);
  79   3              OLED_ShowString(0, 4, " RETURN", 12);
  80   3              return;
  81   3            }
  82   2          }
  83   1          
  84   1          if(SW3==0)
  85   1          {
  86   2            if(i==0)
  87   2            {
  88   3              j++;
  89   3              i=4;
  90   3              OLED_Clear();
  91   3              OLED_ShowString(0, 0, ">LED ON", 12);
  92   3              OLED_ShowString(0, 2, " LED OFF", 12);
  93   3              OLED_ShowString(0, 4, " RETURN", 12);
  94   3            }
  95   2            while(i==4&&j==3)
  96   2            {
  97   3              i=1;j=0;
  98   3              break;
  99   3            }
 100   2            if(i==2)
 101   2            {
 102   3            
 103   3            }
 104   2            if(i==3)
 105   2            {
 106   3            
 107   3            }
 108   2          }
 109   1      }


MODULE INFORMATION:   STATIC OVERLAYABLE
   CODE SIZE        =    502    ----
   CONSTANT SIZE    =    124    ----
   XDATA SIZE       =   ----    ----
   PDATA SIZE       =   ----    ----
C51 COMPILER V9.60.0.0   KEY                                                               11/11/2022 22:55:58 PAGE 3   

   DATA SIZE        =      2    ----
   IDATA SIZE       =   ----    ----
   BIT SIZE         =   ----    ----
END OF MODULE INFORMATION.


C51 COMPILATION COMPLETE.  0 WARNING(S),  0 ERROR(S)
