C51 COMPILER V9.60.0.0   PUBLIC                                                            11/20/2022 19:44:06 PAGE 1   


C51 COMPILER V9.60.0.0, COMPILATION OF MODULE PUBLIC
OBJECT MODULE PLACED IN .\Objects\public.obj
COMPILER INVOKED BY: D:\APP\Keil\C51\BIN\C51.EXE public.c OPTIMIZE(8,SPEED) BROWSE DEBUG OBJECTEXTEND PRINT(.\Listings\p
                    -ublic.lst) TABS(2) OBJECT(.\Objects\public.obj)

line level    source

   1          #include <public.h>
   2          
   3          void Delay10ms()    //@33.1776MHz
   4          {
   5   1        unsigned char i, j, k;
   6   1      
   7   1        i = 2;
   8   1        j = 67;
   9   1        k = 183;
  10   1        do
  11   1        {
  12   2          do
  13   2          {
  14   3            while (--k);
  15   3          } while (--j);
  16   2        } while (--i);
  17   1      }
  18          void Delay1000ms()    //@33.1776MHz
  19          {
  20   1        u8 i, j, k;
  21   1      
  22   1        i = 127;
  23   1        j = 18;
  24   1        k = 107;
  25   1        do
  26   1        {
  27   2          do
  28   2          {
  29   3            while (--k);
  30   3          } while (--j);
  31   2        } while (--i);
  32   1      }


MODULE INFORMATION:   STATIC OVERLAYABLE
   CODE SIZE        =     26    ----
   CONSTANT SIZE    =   ----    ----
   XDATA SIZE       =   ----    ----
   PDATA SIZE       =   ----    ----
   DATA SIZE        =   ----    ----
   IDATA SIZE       =   ----    ----
   BIT SIZE         =   ----    ----
END OF MODULE INFORMATION.


C51 COMPILATION COMPLETE.  0 WARNING(S),  0 ERROR(S)
