C51 COMPILER V9.60.0.0   PUBLIC                                                            11/25/2022 15:46:26 PAGE 1   


C51 COMPILER V9.60.0.0, COMPILATION OF MODULE PUBLIC
OBJECT MODULE PLACED IN .\Objects\public.obj
COMPILER INVOKED BY: D:\APP\Keil\C51\BIN\C51.EXE public.c OPTIMIZE(8,SPEED) BROWSE DEBUG OBJECTEXTEND PRINT(.\Listings\p
                    -ublic.lst) TABS(2) OBJECT(.\Objects\public.obj)

line level    source

   1          #include "public.h"
   2          
   3          void Delay50ms()    //@11.0592MHz
   4          {
   5   1        unsigned char i, j;
   6   1      
   7   1        i = 90;
   8   1        j = 163;
   9   1        do
  10   1        {
  11   2          while (--j);
  12   2        } while (--i);
  13   1      }
  14          


MODULE INFORMATION:   STATIC OVERLAYABLE
   CODE SIZE        =      9    ----
   CONSTANT SIZE    =   ----    ----
   XDATA SIZE       =   ----    ----
   PDATA SIZE       =   ----    ----
   DATA SIZE        =   ----    ----
   IDATA SIZE       =   ----    ----
   BIT SIZE         =   ----    ----
END OF MODULE INFORMATION.


C51 COMPILATION COMPLETE.  0 WARNING(S),  0 ERROR(S)
