C51 COMPILER V9.60.0.0   IIC                                                               11/24/2022 12:56:53 PAGE 1   


C51 COMPILER V9.60.0.0, COMPILATION OF MODULE IIC
OBJECT MODULE PLACED IN .\Objects\iic.obj
COMPILER INVOKED BY: D:\APP\Keil\C51\BIN\C51.EXE iic.c OPTIMIZE(8,SPEED) BROWSE DEBUG OBJECTEXTEND PRINT(.\Listings\iic.
                    -lst) TABS(2) OBJECT(.\Objects\iic.obj)

line level    source

   1          #include "commom.h"
   2          
   3          void IIC_Start()
   4          {
   5   1        SCL = 1;
   6   1        SDA = 1;
   7   1        SDA = 0;
   8   1        SCL = 0;
   9   1      }
  10          
  11          void IIC_Stop()
  12          {
  13   1        SCL = 1; 
  14   1        SDA = 0;
  15   1        SDA = 1;
  16   1      }
  17          
  18          void IIC_Wait_Ack()
  19          {
  20   1        SCL = 1; 
  21   1        SCL = 0;
  22   1      }
  23          
  24          void Write_IIC_Byte(U8 IIC_Byte)
  25          {
  26   1        U8 i;
  27   1        U8 m, da;
  28   1        da = IIC_Byte;
  29   1        SCL = 0;
  30   1        for (i = 0; i < 8; i++)
  31   1        {
  32   2          m = da;
  33   2          m = m & 0x80;
  34   2          if (m == 0x80)
  35   2          {
  36   3            SDA = 1;
  37   3          }
  38   2          else 
  39   2            SDA = 0;
  40   2          da = da << 1;
  41   2          SCL = 1; 
  42   2          SCL = 0;
  43   2        }
  44   1      }
  45          
  46          void Write_IIC_CMD(U8 IIC_CMD)
  47          {
  48   1        IIC_Start();
  49   1        Write_IIC_Byte(0x78);   
  50   1        IIC_Wait_Ack();
  51   1        Write_IIC_Byte(0x00);
  52   1        IIC_Wait_Ack();
  53   1        Write_IIC_Byte(IIC_CMD);
  54   1        IIC_Wait_Ack();
C51 COMPILER V9.60.0.0   IIC                                                               11/24/2022 12:56:53 PAGE 2   

  55   1        IIC_Stop();
  56   1      }
  57          
  58          void Write_IIC_Data(U8 IIC_Data)
  59          {
  60   1        IIC_Start();
  61   1        Write_IIC_Byte(0x78);   
  62   1        IIC_Wait_Ack();
  63   1        Write_IIC_Byte(0x40);   
  64   1        IIC_Wait_Ack();
  65   1        Write_IIC_Byte(IIC_Data);
  66   1        IIC_Wait_Ack();
  67   1        IIC_Stop();
  68   1      }


MODULE INFORMATION:   STATIC OVERLAYABLE
   CODE SIZE        =    109    ----
   CONSTANT SIZE    =   ----    ----
   XDATA SIZE       =   ----    ----
   PDATA SIZE       =   ----    ----
   DATA SIZE        =   ----    ----
   IDATA SIZE       =   ----    ----
   BIT SIZE         =   ----    ----
END OF MODULE INFORMATION.


C51 COMPILATION COMPLETE.  0 WARNING(S),  0 ERROR(S)
