C51 COMPILER V9.60.0.0   PUBLIC                                                            11/12/2022 00:39:31 PAGE 1   


C51 COMPILER V9.60.0.0, COMPILATION OF MODULE PUBLIC
OBJECT MODULE PLACED IN .\Objects\public.obj
COMPILER INVOKED BY: D:\APP\Keil\C51\BIN\C51.EXE public.c OPTIMIZE(8,SPEED) BROWSE DEBUG OBJECTEXTEND PRINT(.\Listings\p
                    -ublic.lst) TABS(2) OBJECT(.\Objects\public.obj)

line level    source

   1          #include <public.h>
   2          
   3          void delay_ms(u16 ms)
   4          {                         
   5   1        u16 a;
   6   1        while(ms)
   7   1        {
   8   2          a=1800;
   9   2          while(a--);
  10   2          ms--;
  11   2        }
  12   1        return;
  13   1      }


MODULE INFORMATION:   STATIC OVERLAYABLE
   CODE SIZE        =     26    ----
   CONSTANT SIZE    =   ----    ----
   XDATA SIZE       =   ----    ----
   PDATA SIZE       =   ----    ----
   DATA SIZE        =   ----    ----
   IDATA SIZE       =   ----    ----
   BIT SIZE         =   ----    ----
END OF MODULE INFORMATION.


C51 COMPILATION COMPLETE.  0 WARNING(S),  0 ERROR(S)
